<?xml version="1.0" encoding="UTF-8"?>
<coverage generated="1624440348">
  <project timestamp="1624440348">
    <file name="/srv/api/src/DataFixtures/AppFixtures.php">
      <class name="App\DataFixtures\AppFixtures" namespace="global">
        <metrics complexity="4" methods="2" coveredmethods="0" conditionals="0" coveredconditionals="0" statements="4" coveredstatements="0" elements="6" coveredelements="0"/>
      </class>
      <line num="18" type="method" name="__construct" visibility="public" complexity="1" crap="2" count="0"/>
      <line num="20" type="stmt" count="0"/>
      <line num="21" type="stmt" count="0"/>
      <line num="22" type="stmt" count="0"/>
      <line num="24" type="method" name="load" visibility="public" complexity="3" crap="12" count="0"/>
      <line num="26" type="stmt" count="0"/>
      <metrics loc="74" ncloc="72" classes="1" methods="2" coveredmethods="0" conditionals="0" coveredconditionals="0" statements="4" coveredstatements="0" elements="6" coveredelements="0"/>
    </file>
    <file name="/srv/api/src/DataFixtures/MijnClusterFixtures.php">
      <class name="App\DataFixtures\MijnClusterFixtures" namespace="global">
        <metrics complexity="4" methods="2" coveredmethods="0" conditionals="0" coveredconditionals="0" statements="4" coveredstatements="0" elements="6" coveredelements="0"/>
      </class>
      <line num="18" type="method" name="__construct" visibility="public" complexity="1" crap="2" count="0"/>
      <line num="20" type="stmt" count="0"/>
      <line num="21" type="stmt" count="0"/>
      <line num="22" type="stmt" count="0"/>
      <line num="24" type="method" name="load" visibility="public" complexity="3" crap="12" count="0"/>
      <line num="26" type="stmt" count="0"/>
      <metrics loc="67" ncloc="66" classes="1" methods="2" coveredmethods="0" conditionals="0" coveredconditionals="0" statements="4" coveredstatements="0" elements="6" coveredelements="0"/>
    </file>
    <file name="/srv/api/src/DataFixtures/MijnappFixtures.php">
      <class name="App\DataFixtures\MijnappFixtures" namespace="global">
        <metrics complexity="9" methods="2" coveredmethods="0" conditionals="0" coveredconditionals="0" statements="4" coveredstatements="0" elements="6" coveredelements="0"/>
      </class>
      <line num="17" type="method" name="__construct" visibility="public" complexity="1" crap="2" count="0"/>
      <line num="19" type="stmt" count="0"/>
      <line num="20" type="stmt" count="0"/>
      <line num="21" type="stmt" count="0"/>
      <line num="23" type="method" name="load" visibility="public" complexity="8" crap="72" count="0"/>
      <line num="25" type="stmt" count="0"/>
      <metrics loc="71" ncloc="70" classes="1" methods="2" coveredmethods="0" conditionals="0" coveredconditionals="0" statements="4" coveredstatements="0" elements="6" coveredelements="0"/>
    </file>
    <file name="/srv/api/src/Entity/Request.php">
      <class name="App\Entity\Request" namespace="global">
        <metrics complexity="57" methods="50" coveredmethods="0" conditionals="0" coveredconditionals="0" statements="89" coveredstatements="0" elements="139" coveredelements="0"/>
      </class>
      <line num="348" type="method" name="__construct" visibility="public" complexity="1" crap="2" count="0"/>
      <line num="350" type="stmt" count="0"/>
      <line num="351" type="stmt" count="0"/>
      <line num="352" type="stmt" count="0"/>
      <line num="358" type="method" name="prePersist" visibility="public" complexity="2" crap="6" count="0"/>
      <line num="360" type="stmt" count="0"/>
      <line num="361" type="stmt" count="0"/>
      <line num="363" type="stmt" count="0"/>
      <line num="365" type="method" name="getId" visibility="public" complexity="1" crap="2" count="0"/>
      <line num="367" type="stmt" count="0"/>
      <line num="370" type="method" name="setId" visibility="public" complexity="1" crap="2" count="0"/>
      <line num="372" type="stmt" count="0"/>
      <line num="374" type="stmt" count="0"/>
      <line num="377" type="method" name="getOrganization" visibility="public" complexity="1" crap="2" count="0"/>
      <line num="379" type="stmt" count="0"/>
      <line num="382" type="method" name="setOrganization" visibility="public" complexity="1" crap="2" count="0"/>
      <line num="384" type="stmt" count="0"/>
      <line num="386" type="stmt" count="0"/>
      <line num="389" type="method" name="getInitialOrganization" visibility="public" complexity="1" crap="2" count="0"/>
      <line num="391" type="stmt" count="0"/>
      <line num="394" type="method" name="setInitialOrganization" visibility="public" complexity="1" crap="2" count="0"/>
      <line num="396" type="stmt" count="0"/>
      <line num="398" type="stmt" count="0"/>
      <line num="401" type="method" name="getOrder" visibility="public" complexity="1" crap="2" count="0"/>
      <line num="403" type="stmt" count="0"/>
      <line num="406" type="method" name="setOrder" visibility="public" complexity="1" crap="2" count="0"/>
      <line num="408" type="stmt" count="0"/>
      <line num="410" type="stmt" count="0"/>
      <line num="413" type="method" name="getEvent" visibility="public" complexity="1" crap="2" count="0"/>
      <line num="415" type="stmt" count="0"/>
      <line num="418" type="method" name="setEvent" visibility="public" complexity="1" crap="2" count="0"/>
      <line num="420" type="stmt" count="0"/>
      <line num="422" type="stmt" count="0"/>
      <line num="425" type="method" name="getResources" visibility="public" complexity="1" crap="2" count="0"/>
      <line num="427" type="stmt" count="0"/>
      <line num="430" type="method" name="setResources" visibility="public" complexity="1" crap="2" count="0"/>
      <line num="432" type="stmt" count="0"/>
      <line num="434" type="stmt" count="0"/>
      <line num="437" type="method" name="getReference" visibility="public" complexity="1" crap="2" count="0"/>
      <line num="439" type="stmt" count="0"/>
      <line num="442" type="method" name="setReference" visibility="public" complexity="1" crap="2" count="0"/>
      <line num="444" type="stmt" count="0"/>
      <line num="446" type="stmt" count="0"/>
      <line num="449" type="method" name="getReferenceId" visibility="public" complexity="1" crap="2" count="0"/>
      <line num="451" type="stmt" count="0"/>
      <line num="454" type="method" name="setReferenceId" visibility="public" complexity="1" crap="2" count="0"/>
      <line num="456" type="stmt" count="0"/>
      <line num="458" type="stmt" count="0"/>
      <line num="461" type="method" name="getExternalReference" visibility="public" complexity="1" crap="2" count="0"/>
      <line num="463" type="stmt" count="0"/>
      <line num="466" type="method" name="setEternalReference" visibility="public" complexity="1" crap="2" count="0"/>
      <line num="468" type="stmt" count="0"/>
      <line num="470" type="stmt" count="0"/>
      <line num="473" type="method" name="getStatus" visibility="public" complexity="1" crap="2" count="0"/>
      <line num="475" type="stmt" count="0"/>
      <line num="478" type="method" name="setStatus" visibility="public" complexity="1" crap="2" count="0"/>
      <line num="480" type="stmt" count="0"/>
      <line num="482" type="stmt" count="0"/>
      <line num="485" type="method" name="getRequestType" visibility="public" complexity="1" crap="2" count="0"/>
      <line num="487" type="stmt" count="0"/>
      <line num="490" type="method" name="setRequestType" visibility="public" complexity="1" crap="2" count="0"/>
      <line num="492" type="stmt" count="0"/>
      <line num="494" type="stmt" count="0"/>
      <line num="497" type="method" name="getProcessType" visibility="public" complexity="1" crap="2" count="0"/>
      <line num="499" type="stmt" count="0"/>
      <line num="502" type="method" name="setProcessType" visibility="public" complexity="1" crap="2" count="0"/>
      <line num="504" type="stmt" count="0"/>
      <line num="506" type="stmt" count="0"/>
      <line num="511" type="method" name="getProperties" visibility="public" complexity="1" crap="2" count="0"/>
      <line num="513" type="stmt" count="0"/>
      <line num="516" type="method" name="setProperties" visibility="public" complexity="1" crap="2" count="0"/>
      <line num="518" type="stmt" count="0"/>
      <line num="520" type="stmt" count="0"/>
      <line num="523" type="method" name="getCases" visibility="public" complexity="1" crap="2" count="0"/>
      <line num="525" type="stmt" count="0"/>
      <line num="528" type="method" name="setCases" visibility="public" complexity="1" crap="2" count="0"/>
      <line num="530" type="stmt" count="0"/>
      <line num="532" type="stmt" count="0"/>
      <line num="535" type="method" name="getProcesses" visibility="public" complexity="1" crap="2" count="0"/>
      <line num="537" type="stmt" count="0"/>
      <line num="540" type="method" name="setProcesses" visibility="public" complexity="1" crap="2" count="0"/>
      <line num="542" type="stmt" count="0"/>
      <line num="544" type="stmt" count="0"/>
      <line num="547" type="method" name="getParent" visibility="public" complexity="1" crap="2" count="0"/>
      <line num="549" type="stmt" count="0"/>
      <line num="552" type="method" name="setParent" visibility="public" complexity="1" crap="2" count="0"/>
      <line num="554" type="stmt" count="0"/>
      <line num="556" type="stmt" count="0"/>
      <line num="562" type="method" name="getChildren" visibility="public" complexity="1" crap="2" count="0"/>
      <line num="564" type="stmt" count="0"/>
      <line num="567" type="method" name="addChild" visibility="public" complexity="2" crap="6" count="0"/>
      <line num="569" type="stmt" count="0"/>
      <line num="570" type="stmt" count="0"/>
      <line num="571" type="stmt" count="0"/>
      <line num="574" type="stmt" count="0"/>
      <line num="577" type="method" name="removeChild" visibility="public" complexity="3" crap="12" count="0"/>
      <line num="579" type="stmt" count="0"/>
      <line num="580" type="stmt" count="0"/>
      <line num="582" type="stmt" count="0"/>
      <line num="583" type="stmt" count="0"/>
      <line num="587" type="stmt" count="0"/>
      <line num="590" type="method" name="getConfidential" visibility="public" complexity="1" crap="2" count="0"/>
      <line num="592" type="stmt" count="0"/>
      <line num="595" type="method" name="setConfidential" visibility="public" complexity="1" crap="2" count="0"/>
      <line num="597" type="stmt" count="0"/>
      <line num="599" type="stmt" count="0"/>
      <line num="602" type="method" name="getCurrentStage" visibility="public" complexity="1" crap="2" count="0"/>
      <line num="604" type="stmt" count="0"/>
      <line num="607" type="method" name="setCurrentStage" visibility="public" complexity="1" crap="2" count="0"/>
      <line num="609" type="stmt" count="0"/>
      <line num="611" type="stmt" count="0"/>
      <line num="614" type="method" name="getDateSubmitted" visibility="public" complexity="1" crap="2" count="0"/>
      <line num="616" type="stmt" count="0"/>
      <line num="619" type="method" name="setDateSubmitted" visibility="public" complexity="1" crap="2" count="0"/>
      <line num="621" type="stmt" count="0"/>
      <line num="623" type="stmt" count="0"/>
      <line num="626" type="method" name="getDateCreated" visibility="public" complexity="1" crap="2" count="0"/>
      <line num="628" type="stmt" count="0"/>
      <line num="631" type="method" name="setDateCreated" visibility="public" complexity="1" crap="2" count="0"/>
      <line num="633" type="stmt" count="0"/>
      <line num="635" type="stmt" count="0"/>
      <line num="638" type="method" name="getDateModified" visibility="public" complexity="1" crap="2" count="0"/>
      <line num="640" type="stmt" count="0"/>
      <line num="643" type="method" name="setDateModified" visibility="public" complexity="1" crap="2" count="0"/>
      <line num="645" type="stmt" count="0"/>
      <line num="647" type="stmt" count="0"/>
      <line num="650" type="method" name="getSubmitters" visibility="public" complexity="1" crap="2" count="0"/>
      <line num="652" type="stmt" count="0"/>
      <line num="655" type="method" name="addSubmitter" visibility="public" complexity="2" crap="6" count="0"/>
      <line num="657" type="stmt" count="0"/>
      <line num="658" type="stmt" count="0"/>
      <line num="659" type="stmt" count="0"/>
      <line num="662" type="stmt" count="0"/>
      <line num="665" type="method" name="removeSubmitter" visibility="public" complexity="3" crap="12" count="0"/>
      <line num="667" type="stmt" count="0"/>
      <line num="668" type="stmt" count="0"/>
      <line num="670" type="stmt" count="0"/>
      <line num="671" type="stmt" count="0"/>
      <line num="675" type="stmt" count="0"/>
      <metrics loc="677" ncloc="388" classes="1" methods="50" coveredmethods="0" conditionals="0" coveredconditionals="0" statements="89" coveredstatements="0" elements="139" coveredelements="0"/>
    </file>
    <file name="/srv/api/src/Entity/Submitter.php">
      <class name="App\Entity\Submitter" namespace="global">
        <metrics complexity="19" methods="19" coveredmethods="0" conditionals="0" coveredconditionals="0" statements="28" coveredstatements="0" elements="47" coveredelements="0"/>
      </class>
      <line num="143" type="method" name="getId" visibility="public" complexity="1" crap="2" count="0"/>
      <line num="145" type="stmt" count="0"/>
      <line num="148" type="method" name="getAssent" visibility="public" complexity="1" crap="2" count="0"/>
      <line num="150" type="stmt" count="0"/>
      <line num="153" type="method" name="setAssent" visibility="public" complexity="1" crap="2" count="0"/>
      <line num="155" type="stmt" count="0"/>
      <line num="157" type="stmt" count="0"/>
      <line num="160" type="method" name="getBrp" visibility="public" complexity="1" crap="2" count="0"/>
      <line num="162" type="stmt" count="0"/>
      <line num="165" type="method" name="setBrp" visibility="public" complexity="1" crap="2" count="0"/>
      <line num="167" type="stmt" count="0"/>
      <line num="169" type="stmt" count="0"/>
      <line num="172" type="method" name="getBsn" visibility="public" complexity="1" crap="2" count="0"/>
      <line num="174" type="stmt" count="0"/>
      <line num="177" type="method" name="setBsn" visibility="public" complexity="1" crap="2" count="0"/>
      <line num="179" type="stmt" count="0"/>
      <line num="181" type="stmt" count="0"/>
      <line num="184" type="method" name="getPerson" visibility="public" complexity="1" crap="2" count="0"/>
      <line num="186" type="stmt" count="0"/>
      <line num="189" type="method" name="setPerson" visibility="public" complexity="1" crap="2" count="0"/>
      <line num="191" type="stmt" count="0"/>
      <line num="193" type="stmt" count="0"/>
      <line num="196" type="method" name="getOrganization" visibility="public" complexity="1" crap="2" count="0"/>
      <line num="198" type="stmt" count="0"/>
      <line num="201" type="method" name="setOrganization" visibility="public" complexity="1" crap="2" count="0"/>
      <line num="203" type="stmt" count="0"/>
      <line num="205" type="stmt" count="0"/>
      <line num="208" type="method" name="getRequest" visibility="public" complexity="1" crap="2" count="0"/>
      <line num="210" type="stmt" count="0"/>
      <line num="213" type="method" name="setRequest" visibility="public" complexity="1" crap="2" count="0"/>
      <line num="215" type="stmt" count="0"/>
      <line num="217" type="stmt" count="0"/>
      <line num="220" type="method" name="getDateSubmitted" visibility="public" complexity="1" crap="2" count="0"/>
      <line num="222" type="stmt" count="0"/>
      <line num="225" type="method" name="setDateSubmitted" visibility="public" complexity="1" crap="2" count="0"/>
      <line num="227" type="stmt" count="0"/>
      <line num="229" type="stmt" count="0"/>
      <line num="232" type="method" name="getDateCreated" visibility="public" complexity="1" crap="2" count="0"/>
      <line num="234" type="stmt" count="0"/>
      <line num="237" type="method" name="setDateCreated" visibility="public" complexity="1" crap="2" count="0"/>
      <line num="239" type="stmt" count="0"/>
      <line num="241" type="stmt" count="0"/>
      <line num="244" type="method" name="getDateModified" visibility="public" complexity="1" crap="2" count="0"/>
      <line num="246" type="stmt" count="0"/>
      <line num="249" type="method" name="setDateModified" visibility="public" complexity="1" crap="2" count="0"/>
      <line num="251" type="stmt" count="0"/>
      <line num="253" type="stmt" count="0"/>
      <metrics loc="255" ncloc="150" classes="1" methods="19" coveredmethods="0" conditionals="0" coveredconditionals="0" statements="28" coveredstatements="0" elements="47" coveredelements="0"/>
    </file>
    <file name="/srv/api/src/EventSubscriber/LocaleSubscriber.php">
      <class name="App\EventSubscriber\LocaleSubscriber" namespace="global">
        <metrics complexity="4" methods="3" coveredmethods="0" conditionals="0" coveredconditionals="0" statements="10" coveredstatements="0" elements="13" coveredelements="0"/>
      </class>
      <line num="15" type="method" name="__construct" visibility="public" complexity="1" crap="2" count="0"/>
      <line num="17" type="stmt" count="0"/>
      <line num="18" type="stmt" count="0"/>
      <line num="20" type="method" name="getSubscribedEvents" visibility="public" complexity="1" crap="2" count="0"/>
      <line num="24" type="stmt" count="0"/>
      <line num="28" type="method" name="onKernelRequest" visibility="public" complexity="2" crap="6" count="0"/>
      <line num="30" type="stmt" count="0"/>
      <line num="31" type="stmt" count="0"/>
      <line num="34" type="stmt" count="0"/>
      <line num="35" type="stmt" count="0"/>
      <line num="36" type="stmt" count="0"/>
      <line num="39" type="stmt" count="0"/>
      <line num="41" type="stmt" count="0"/>
      <metrics loc="42" ncloc="38" classes="1" methods="3" coveredmethods="0" conditionals="0" coveredconditionals="0" statements="10" coveredstatements="0" elements="13" coveredelements="0"/>
    </file>
    <file name="/srv/api/src/Kernel.php">
      <class name="App\Kernel" namespace="global">
        <metrics complexity="6" methods="4" coveredmethods="0" conditionals="0" coveredconditionals="0" statements="20" coveredstatements="0" elements="24" coveredelements="0"/>
      </class>
      <line num="18" type="method" name="registerBundles" visibility="public" complexity="3" crap="12" count="0"/>
      <line num="20" type="stmt" count="0"/>
      <line num="21" type="stmt" count="0"/>
      <line num="22" type="stmt" count="0"/>
      <line num="23" type="stmt" count="0"/>
      <line num="26" type="stmt" count="0"/>
      <line num="28" type="method" name="getProjectDir" visibility="public" complexity="1" crap="2" count="0"/>
      <line num="30" type="stmt" count="0"/>
      <line num="33" type="method" name="configureContainer" visibility="protected" complexity="1" crap="2" count="0"/>
      <line num="35" type="stmt" count="0"/>
      <line num="36" type="stmt" count="0"/>
      <line num="37" type="stmt" count="0"/>
      <line num="39" type="stmt" count="0"/>
      <line num="40" type="stmt" count="0"/>
      <line num="41" type="stmt" count="0"/>
      <line num="42" type="stmt" count="0"/>
      <line num="43" type="stmt" count="0"/>
      <line num="45" type="method" name="configureRoutes" visibility="protected" complexity="1" crap="2" count="0"/>
      <line num="47" type="stmt" count="0"/>
      <line num="49" type="stmt" count="0"/>
      <line num="50" type="stmt" count="0"/>
      <line num="51" type="stmt" count="0"/>
      <line num="52" type="stmt" count="0"/>
      <metrics loc="53" ncloc="53" classes="1" methods="4" coveredmethods="0" conditionals="0" coveredconditionals="0" statements="20" coveredstatements="0" elements="24" coveredelements="0"/>
    </file>
    <file name="/srv/api/src/Repository/RequestRepository.php">
      <class name="App\Repository\RequestRepository" namespace="global">
        <metrics complexity="3" methods="2" coveredmethods="0" conditionals="0" coveredconditionals="0" statements="17" coveredstatements="0" elements="19" coveredelements="0"/>
      </class>
      <line num="17" type="method" name="__construct" visibility="public" complexity="1" crap="2" count="0"/>
      <line num="19" type="stmt" count="0"/>
      <line num="20" type="stmt" count="0"/>
      <line num="28" type="method" name="getLastReferenceId" visibility="public" complexity="2" crap="6" count="0"/>
      <line num="31" type="stmt" count="0"/>
      <line num="32" type="stmt" count="0"/>
      <line num="35" type="stmt" count="0"/>
      <line num="36" type="stmt" count="0"/>
      <line num="37" type="stmt" count="0"/>
      <line num="38" type="stmt" count="0"/>
      <line num="39" type="stmt" count="0"/>
      <line num="40" type="stmt" count="0"/>
      <line num="41" type="stmt" count="0"/>
      <line num="42" type="stmt" count="0"/>
      <line num="43" type="stmt" count="0"/>
      <line num="44" type="stmt" count="0"/>
      <line num="46" type="stmt" count="0"/>
      <line num="47" type="stmt" count="0"/>
      <line num="49" type="stmt" count="0"/>
      <metrics loc="81" ncloc="42" classes="1" methods="2" coveredmethods="0" conditionals="0" coveredconditionals="0" statements="17" coveredstatements="0" elements="19" coveredelements="0"/>
    </file>
    <file name="/srv/api/src/Repository/SubmitterRepository.php">
      <class name="App\Repository\SubmitterRepository" namespace="global">
        <metrics complexity="1" methods="1" coveredmethods="0" conditionals="0" coveredconditionals="0" statements="2" coveredstatements="0" elements="3" coveredelements="0"/>
      </class>
      <line num="17" type="method" name="__construct" visibility="public" complexity="1" crap="2" count="0"/>
      <line num="19" type="stmt" count="0"/>
      <line num="20" type="stmt" count="0"/>
      <metrics loc="50" ncloc="17" classes="1" methods="1" coveredmethods="0" conditionals="0" coveredconditionals="0" statements="2" coveredstatements="0" elements="3" coveredelements="0"/>
    </file>
    <file name="/srv/api/src/Service/AdressenService.php">
      <class name="App\Service\AdressenService" namespace="global">
        <metrics complexity="3" methods="2" coveredmethods="0" conditionals="0" coveredconditionals="0" statements="17" coveredstatements="0" elements="19" coveredelements="0"/>
      </class>
      <line num="26" type="method" name="__construct" visibility="public" complexity="1" crap="2" count="0"/>
      <line num="28" type="stmt" count="0"/>
      <line num="29" type="stmt" count="0"/>
      <line num="31" type="stmt" count="0"/>
      <line num="34" type="stmt" count="0"/>
      <line num="36" type="stmt" count="0"/>
      <line num="38" type="stmt" count="0"/>
      <line num="40" type="stmt" count="0"/>
      <line num="42" type="method" name="getNummeraanduiding" visibility="public" complexity="2" crap="6" count="0"/>
      <line num="45" type="stmt" count="0"/>
      <line num="46" type="stmt" count="0"/>
      <line num="47" type="stmt" count="0"/>
      <line num="50" type="stmt" count="0"/>
      <line num="51" type="stmt" count="0"/>
      <line num="52" type="stmt" count="0"/>
      <line num="53" type="stmt" count="0"/>
      <line num="54" type="stmt" count="0"/>
      <line num="55" type="stmt" count="0"/>
      <line num="57" type="stmt" count="0"/>
      <metrics loc="59" ncloc="45" classes="1" methods="2" coveredmethods="0" conditionals="0" coveredconditionals="0" statements="17" coveredstatements="0" elements="19" coveredelements="0"/>
    </file>
    <file name="/srv/api/src/Subscriber/RequestSubscriber.php">
      <class name="App\Subscriber\RequestSubscriber" namespace="global">
        <metrics complexity="9" methods="3" coveredmethods="0" conditionals="0" coveredconditionals="0" statements="24" coveredstatements="0" elements="27" coveredelements="0"/>
      </class>
      <line num="18" type="method" name="__construct" visibility="public" complexity="1" crap="2" count="0"/>
      <line num="20" type="stmt" count="0"/>
      <line num="21" type="stmt" count="0"/>
      <line num="22" type="stmt" count="0"/>
      <line num="24" type="method" name="getSubscribedEvents" visibility="public" complexity="1" crap="2" count="0"/>
      <line num="27" type="stmt" count="0"/>
      <line num="31" type="method" name="newRequest" visibility="public" complexity="7" crap="56" count="0"/>
      <line num="33" type="stmt" count="0"/>
      <line num="34" type="stmt" count="0"/>
      <line num="35" type="stmt" count="0"/>
      <line num="37" type="stmt" count="0"/>
      <line num="39" type="stmt" count="0"/>
      <line num="42" type="stmt" count="0"/>
      <line num="44" type="stmt" count="0"/>
      <line num="45" type="stmt" count="0"/>
      <line num="47" type="stmt" count="0"/>
      <line num="48" type="stmt" count="0"/>
      <line num="50" type="stmt" count="0"/>
      <line num="54" type="stmt" count="0"/>
      <line num="57" type="stmt" count="0"/>
      <line num="58" type="stmt" count="0"/>
      <line num="59" type="stmt" count="0"/>
      <line num="60" type="stmt" count="0"/>
      <line num="61" type="stmt" count="0"/>
      <line num="64" type="stmt" count="0"/>
      <line num="65" type="stmt" count="0"/>
      <line num="68" type="stmt" count="0"/>
      <metrics loc="70" ncloc="66" classes="1" methods="3" coveredmethods="0" conditionals="0" coveredconditionals="0" statements="24" coveredstatements="0" elements="27" coveredelements="0"/>
    </file>
    <metrics files="11" loc="1499" ncloc="1007" classes="11" methods="90" coveredmethods="0" conditionals="0" coveredconditionals="0" statements="219" coveredstatements="0" elements="309" coveredelements="0"/>
  </project>
</coverage>
